<?xml version="1.0" encoding="UTF-8"?>
<!-- Generated by org.testng.reporters.JUnitReportReporter -->
<testsuite hostname="Venkatas-Mini.lan" failures="0" tests="36" name="testRunner.TestRunner" time="51.698" errors="0" timestamp="2023-04-26T14:11:30 EDT" skipped="0">
  <testcase classname="testRunner.TestRunner" name="runScenario" time="0.384"/>
  <system-out/>
  <testcase classname="testRunner.TestRunner" name="runScenario" time="1.405"/>
  <system-out/>
  <testcase classname="testRunner.TestRunner" name="runScenario" time="1.452"/>
  <system-out/>
  <testcase classname="testRunner.TestRunner" name="runScenario" time="0.600"/>
  <system-out/>
  <testcase classname="testRunner.TestRunner" name="runScenario" time="0.327"/>
  <system-out/>
  <testcase classname="testRunner.TestRunner" name="runScenario" time="0.558"/>
  <system-out/>
  <testcase classname="testRunner.TestRunner" name="runScenario" time="0.301"/>
  <system-out/>
  <testcase classname="testRunner.TestRunner" name="runScenario" time="0.623"/>
  <system-out/>
  <testcase classname="testRunner.TestRunner" name="runScenario" time="1.213"/>
  <system-out/>
  <testcase classname="testRunner.TestRunner" name="runScenario" time="0.594"/>
  <system-out/>
  <testcase classname="testRunner.TestRunner" name="runScenario" time="1.412"/>
  <system-out/>
  <testcase classname="testRunner.TestRunner" name="runScenario" time="1.143"/>
  <system-out/>
  <testcase classname="testRunner.TestRunner" name="runScenario" time="3.172"/>
  <system-out/>
  <testcase classname="testRunner.TestRunner" name="runScenario" time="1.402"/>
  <system-out/>
  <testcase classname="testRunner.TestRunner" name="runScenario" time="0.540"/>
  <system-out/>
  <testcase classname="testRunner.TestRunner" name="runScenario" time="0.711"/>
  <system-out/>
  <testcase classname="testRunner.TestRunner" name="runScenario" time="0.964"/>
  <system-out/>
  <testcase classname="testRunner.TestRunner" name="runScenario" time="1.364"/>
  <system-out/>
  <testcase classname="testRunner.TestRunner" name="runScenario" time="0.670"/>
  <system-out/>
  <testcase classname="testRunner.TestRunner" name="runScenario" time="0.289"/>
  <system-out/>
  <testcase classname="testRunner.TestRunner" name="runScenario" time="3.485"/>
  <system-out/>
  <testcase classname="testRunner.TestRunner" name="runScenario" time="3.780"/>
  <system-out/>
  <testcase classname="testRunner.TestRunner" name="runScenario" time="5.243"/>
  <system-out/>
  <testcase classname="testRunner.TestRunner" name="runScenario" time="0.532"/>
  <system-out/>
  <testcase classname="testRunner.TestRunner" name="runScenario" time="1.671"/>
  <system-out/>
  <testcase classname="testRunner.TestRunner" name="runScenario" time="0.556"/>
  <system-out/>
  <testcase classname="testRunner.TestRunner" name="runScenario" time="3.372"/>
  <system-out/>
  <testcase classname="testRunner.TestRunner" name="runScenario" time="1.463"/>
  <system-out/>
  <testcase classname="testRunner.TestRunner" name="runScenario" time="0.330"/>
  <system-out/>
  <testcase classname="testRunner.TestRunner" name="runScenario" time="1.509"/>
  <system-out/>
  <testcase classname="testRunner.TestRunner" name="runScenario" time="5.502"/>
  <system-out/>
  <testcase classname="testRunner.TestRunner" name="runScenario" time="0.268"/>
  <system-out/>
  <testcase classname="testRunner.TestRunner" name="runScenario" time="2.311"/>
  <system-out/>
  <testcase classname="testRunner.TestRunner" name="runScenario" time="0.299"/>
  <system-out/>
  <testcase classname="testRunner.TestRunner" name="runScenario" time="0.558"/>
  <system-out/>
  <testcase classname="testRunner.TestRunner" name="runScenario" time="1.695"/>
  <system-out/>
</testsuite> <!-- testRunner.TestRunner -->
