<?xml version="1.0" encoding="UTF-8"?>
<!-- Generated by org.testng.reporters.JUnitReportReporter -->
<testsuite hostname="Venkatas-Mini.lan" failures="0" tests="7" name="testRunner.TestRunner" time="104.291" errors="0" timestamp="2023-04-16T17:06:19 EDT" skipped="0">
  <testcase classname="testRunner.TestRunner" name="runScenario" time="10.369"/>
  <system-out/>
  <testcase classname="testRunner.TestRunner" name="runScenario" time="12.803"/>
  <system-out/>
  <testcase classname="testRunner.TestRunner" name="runScenario" time="16.663"/>
  <system-out/>
  <testcase classname="testRunner.TestRunner" name="runScenario" time="10.332"/>
  <system-out/>
  <testcase classname="testRunner.TestRunner" name="runScenario" time="8.922"/>
  <system-out/>
  <testcase classname="testRunner.TestRunner" name="runScenario" time="7.959"/>
  <system-out/>
  <testcase classname="testRunner.TestRunner" name="runScenario" time="37.243"/>
  <system-out/>
</testsuite> <!-- testRunner.TestRunner -->
