<?xml version="1.0" encoding="UTF-8"?>
<!-- Generated by org.testng.reporters.JUnitReportReporter -->
<testsuite hostname="Venkatas-Mini.lan" failures="0" tests="12" name="testRunner.TestRunner" time="212.173" errors="0" timestamp="2023-04-18T16:29:41 EDT" skipped="0">
  <testcase classname="testRunner.TestRunner" name="runScenario" time="11.359"/>
  <system-out/>
  <testcase classname="testRunner.TestRunner" name="runScenario" time="10.999"/>
  <system-out/>
  <testcase classname="testRunner.TestRunner" name="runScenario" time="9.640"/>
  <system-out/>
  <testcase classname="testRunner.TestRunner" name="runScenario" time="14.897"/>
  <system-out/>
  <testcase classname="testRunner.TestRunner" name="runScenario" time="18.481"/>
  <system-out/>
  <testcase classname="testRunner.TestRunner" name="runScenario" time="18.021"/>
  <system-out/>
  <testcase classname="testRunner.TestRunner" name="runScenario" time="40.789"/>
  <system-out/>
  <testcase classname="testRunner.TestRunner" name="runScenario" time="6.571"/>
  <system-out/>
  <testcase classname="testRunner.TestRunner" name="runScenario" time="11.260"/>
  <system-out/>
  <testcase classname="testRunner.TestRunner" name="runScenario" time="11.553"/>
  <system-out/>
  <testcase classname="testRunner.TestRunner" name="runScenario" time="46.693"/>
  <system-out/>
  <testcase classname="testRunner.TestRunner" name="runScenario" time="11.910"/>
  <system-out/>
</testsuite> <!-- testRunner.TestRunner -->
